[14-06-2024 17:06:20.037 INFO com.vmo.helper.Log] - -------testLoginFAILURE test---------
[14-06-2024 17:07:44.770 INFO com.vmo.helper.Log] - -------testLoginFAILURE test---------
[19-06-2024 22:34:57.136 INFO com.vmo.helper.Log] - -------TC04_BuyItemSuccessfullyFAILURE test---------
[19-06-2024 22:37:02.074 INFO com.vmo.helper.Log] - -------TC04_BuyItemSuccessfullyFAILURE test---------
[19-06-2024 22:42:26.680 INFO com.vmo.helper.Log] - -------TC04_BuyItemSuccessfullyFAILURE test---------
[19-06-2024 22:56:41.650 INFO com.vmo.helper.Log] - -------TC04_BuyItemSuccessfullyFAILURE test---------
[19-06-2024 23:05:01.126 INFO com.vmo.helper.Log] - -------TC04_BuyItemSuccessfullyFAILURE test---------
[19-06-2024 23:07:18.296 INFO com.vmo.helper.Log] - -------TC04_BuyItemSuccessfullyFAILURE test---------
[19-06-2024 23:09:26.072 INFO com.vmo.helper.Log] - -------TC04_BuyItemSuccessfullyFAILURE test---------
[19-06-2024 23:10:58.283 INFO com.vmo.helper.Log] - -------TC04_BuyItemSuccessfullyFAILURE test---------
[19-06-2024 23:16:14.980 INFO com.vmo.helper.Log] - -------TC04_BuyItemSuccessfullyFAILURE test---------
[19-06-2024 23:17:02.026 INFO com.vmo.helper.Log] - -------TC04_BuyItemSuccessfullyFAILURE test---------
[19-06-2024 23:18:31.453 INFO com.vmo.helper.Log] - -------TC04_BuyItemSuccessfullyFAILURE test---------
[19-06-2024 23:19:53.396 INFO com.vmo.helper.Log] - -------TC04_BuyItemSuccessfullyFAILURE test---------
[19-06-2024 23:21:22.577 INFO com.vmo.helper.Log] - -------TC04_BuyItemSuccessfullyFAILURE test---------
[19-06-2024 23:21:53.903 INFO com.vmo.helper.Log] - -------TC04_BuyItemSuccessfullyFAILURE test---------
[19-06-2024 23:24:02.409 INFO com.vmo.helper.Log] - -------TC04_BuyItemSuccessfullyFAILURE test---------
[19-06-2024 23:28:18.173 INFO com.vmo.helper.Log] - -------TC04_BuyItemSuccessfullyFAILURE test---------
[19-06-2024 23:29:43.936 INFO com.vmo.helper.Log] - -------TC04_BuyItemSuccessfullyFAILURE test---------
[19-06-2024 23:30:51.757 INFO com.vmo.helper.Log] - -------TC04_BuyItemSuccessfullyFAILURE test---------
[19-06-2024 23:31:47.576 INFO com.vmo.helper.Log] - -------TC04_BuyItemSuccessfullyFAILURE test---------
[19-06-2024 23:36:34.944 INFO com.vmo.helper.Log] - -------TC04_BuyItemSuccessfullyFAILURE test---------
[19-06-2024 23:42:56.008 INFO com.vmo.helper.Log] - -------TC04_BuyItemSuccessfullyFAILURE test---------
[19-06-2024 23:44:36.400 INFO com.vmo.helper.Log] - -------TC04_BuyItemSuccessfullySUCCESS test---------
[20-06-2024 09:05:00.139 INFO com.vmo.helper.Log] - -------TC04_BuyItemSuccessfullyFAILURE test---------
[20-06-2024 09:07:13.584 INFO com.vmo.helper.Log] - -------TC04_BuyItemSuccessfullyFAILURE test---------
[20-06-2024 09:08:49.618 INFO com.vmo.helper.Log] - -------TC04_BuyItemSuccessfullyFAILURE test---------
[20-06-2024 09:09:45.227 INFO com.vmo.helper.Log] - -------TC04_BuyItemSuccessfullySUCCESS test---------
[20-06-2024 09:13:14.721 INFO com.vmo.helper.Log] - -------TC04_BuyItemSuccessfullyFAILURE test---------
[20-06-2024 09:17:58.190 INFO com.vmo.helper.Log] - -------TC04_BuyItemSuccessfullyFAILURE test---------
[20-06-2024 09:18:59.041 INFO com.vmo.helper.Log] - -------TC04_BuyItemSuccessfullyFAILURE test---------
[20-06-2024 09:19:37.602 INFO com.vmo.helper.Log] - -------TC04_BuyItemSuccessfullyFAILURE test---------
[20-06-2024 09:21:37.664 INFO com.vmo.helper.Log] - -------TC04_BuyItemSuccessfullyFAILURE test---------
[20-06-2024 09:22:19.011 INFO com.vmo.helper.Log] - -------TC04_BuyItemSuccessfullySUCCESS test---------
[20-06-2024 09:24:57.891 INFO com.vmo.helper.Log] - -------TC04_BuyItemSuccessfullyFAILURE test---------
[20-06-2024 09:25:34.139 INFO com.vmo.helper.Log] - -------TC04_BuyItemSuccessfullyFAILURE test---------
[20-06-2024 09:26:13.710 INFO com.vmo.helper.Log] - -------TC04_BuyItemSuccessfullyFAILURE test---------
[20-06-2024 09:28:57.139 INFO com.vmo.helper.Log] - -------TC04_BuyItemSuccessfullyFAILURE test---------
[20-06-2024 09:53:03.494 INFO com.vmo.helper.Log] - -------TC04_BuyItemSuccessfullyFAILURE test---------
[20-06-2024 09:54:35.612 INFO com.vmo.helper.Log] - -------TC04_BuyItemSuccessfullyFAILURE test---------
[20-06-2024 09:58:32.054 INFO com.vmo.helper.Log] - Get to site: https://demowebshop.tricentis.com/
[20-06-2024 09:58:37.047 INFO com.vmo.helper.Log] - Get Title Page
[20-06-2024 09:58:45.129 INFO com.vmo.helper.Log] - -------TC04_BuyItemSuccessfullySUCCESS test---------
[20-06-2024 23:15:03.665 INFO com.vmo.helper.Log] - Get to site: https://demowebshop.tricentis.com/
[20-06-2024 23:15:07.697 INFO com.vmo.helper.Log] - Verify Home Page Title
[20-06-2024 23:15:07.698 INFO com.vmo.helper.Log] - Get Title Page
[20-06-2024 23:15:07.717 INFO com.vmo.helper.Log] - Click Digital Downloads
[20-06-2024 23:15:08.652 INFO com.vmo.helper.Log] - Verify Digital Downloads Page
[20-06-2024 23:15:08.665 INFO com.vmo.helper.Log] - Click Add To Cart Any Item
[20-06-2024 23:15:08.727 INFO com.vmo.helper.Log] - -------TC04_BuyItemSuccessfullyFAILURE test---------
[20-06-2024 23:16:14.704 INFO com.vmo.helper.Log] - Get to site: https://demowebshop.tricentis.com/
[20-06-2024 23:16:18.710 INFO com.vmo.helper.Log] - Verify Home Page Title
[20-06-2024 23:16:18.711 INFO com.vmo.helper.Log] - Get Title Page
[20-06-2024 23:16:18.741 INFO com.vmo.helper.Log] - Click Digital Downloads
[20-06-2024 23:16:20.111 INFO com.vmo.helper.Log] - Verify Digital Downloads Page
[20-06-2024 23:16:20.128 INFO com.vmo.helper.Log] - Click Add To Cart Any Item
[20-06-2024 23:16:20.186 INFO com.vmo.helper.Log] - -------TC04_BuyItemSuccessfullyFAILURE test---------
[20-06-2024 23:17:13.143 INFO com.vmo.helper.Log] - Get to site: https://demowebshop.tricentis.com/
[20-06-2024 23:17:17.645 INFO com.vmo.helper.Log] - Verify Home Page Title
[20-06-2024 23:17:17.646 INFO com.vmo.helper.Log] - Get Title Page
[20-06-2024 23:17:17.664 INFO com.vmo.helper.Log] - Click Digital Downloads
[20-06-2024 23:17:18.983 INFO com.vmo.helper.Log] - Verify Digital Downloads Page
[20-06-2024 23:17:18.998 INFO com.vmo.helper.Log] - Click Add To Cart Any Item
[20-06-2024 23:17:19.114 INFO com.vmo.helper.Log] - Click Shopping Cart
[20-06-2024 23:17:19.836 INFO com.vmo.helper.Log] - Verify Shopping Cart Page
[20-06-2024 23:17:19.849 INFO com.vmo.helper.Log] - Verify Sum Of Total Equal To Sub-Total
[20-06-2024 23:17:19.906 INFO com.vmo.helper.Log] - Click Term Of Service
[20-06-2024 23:17:20.020 INFO com.vmo.helper.Log] - Verify Term Of Service Is Checked
[20-06-2024 23:17:20.042 INFO com.vmo.helper.Log] - Click Checkout Button
[20-06-2024 23:17:20.871 INFO com.vmo.helper.Log] - Verify Checkout Page
[20-06-2024 23:17:20.904 INFO com.vmo.helper.Log] - Click Check Out As Guest Button
[20-06-2024 23:17:22.080 INFO com.vmo.helper.Log] - Verify One Page Checkout & Tab Billing Address Is Expanding
[20-06-2024 23:17:22.119 INFO com.vmo.helper.Log] - Billing Address Tab
[20-06-2024 23:17:23.027 INFO com.vmo.helper.Log] - Verify Shipping Address Is Expanding
[20-06-2024 23:17:23.106 INFO com.vmo.helper.Log] - -------TC04_BuyItemSuccessfullyFAILURE test---------
